{"E:\\Neog Lvl 1\\QuizApp\\quiz-app\\client\\src\\App.tsx": {"path":"E:\\Neog Lvl 1\\QuizApp\\quiz-app\\client\\src\\App.tsx","statementMap":{"0":{"start":{"line":15,"column":19},"end":{"line":41,"column":1}},"1":{"start":{"line":16,"column":13},"end":{"line":19,"column":3}},"2":{"start":{"line":21,"column":2},"end":{"line":40,"column":4}}},"fnMap":{"0":{"name":"(anonymous_0)","decl":{"start":{"line":15,"column":19},"end":{"line":15,"column":20}},"loc":{"start":{"line":15,"column":25},"end":{"line":41,"column":1}},"line":15}},"branchMap":{},"s":{"0":0,"1":0,"2":0},"f":{"0":0},"b":{}}
,"E:\\Neog Lvl 1\\QuizApp\\quiz-app\\client\\src\\test-utils.tsx": {"path":"E:\\Neog Lvl 1\\QuizApp\\quiz-app\\client\\src\\test-utils.tsx","statementMap":{"0":{"start":{"line":5,"column":21},"end":{"line":7,"column":1}},"1":{"start":{"line":6,"column":2},"end":{"line":6,"column":59}},"2":{"start":{"line":9,"column":21},"end":{"line":10,"column":51}},"3":{"start":{"line":10,"column":2},"end":{"line":10,"column":51}}},"fnMap":{"0":{"name":"(anonymous_0)","decl":{"start":{"line":5,"column":21},"end":{"line":5,"column":22}},"loc":{"start":{"line":6,"column":2},"end":{"line":6,"column":59}},"line":6},"1":{"name":"(anonymous_1)","decl":{"start":{"line":9,"column":21},"end":{"line":9,"column":22}},"loc":{"start":{"line":10,"column":2},"end":{"line":10,"column":51}},"line":10}},"branchMap":{},"s":{"0":0,"1":0,"2":0,"3":0},"f":{"0":0,"1":0},"b":{}}
,"E:\\Neog Lvl 1\\QuizApp\\quiz-app\\client\\src\\Components\\Multiplayer\\CreateRoom.tsx": {"path":"E:\\Neog Lvl 1\\QuizApp\\quiz-app\\client\\src\\Components\\Multiplayer\\CreateRoom.tsx","statementMap":{"0":{"start":{"line":10,"column":19},"end":{"line":37,"column":1}},"1":{"start":{"line":11,"column":35},"end":{"line":11,"column":46}},"2":{"start":{"line":14,"column":6},"end":{"line":14,"column":15}},"3":{"start":{"line":15,"column":23},"end":{"line":15,"column":46}},"4":{"start":{"line":16,"column":18},"end":{"line":16,"column":30}},"5":{"start":{"line":17,"column":27},"end":{"line":30,"column":3}},"6":{"start":{"line":18,"column":15},"end":{"line":18,"column":33}},"7":{"start":{"line":19,"column":4},"end":{"line":19,"column":18}},"8":{"start":{"line":21,"column":21},"end":{"line":25,"column":5}},"9":{"start":{"line":26,"column":4},"end":{"line":26,"column":49}},"10":{"start":{"line":27,"column":4},"end":{"line":29,"column":7}},"11":{"start":{"line":32,"column":2},"end":{"line":36,"column":4}},"12":{"start":{"line":34,"column":29},"end":{"line":34,"column":47}}},"fnMap":{"0":{"name":"(anonymous_0)","decl":{"start":{"line":10,"column":19},"end":{"line":10,"column":20}},"loc":{"start":{"line":10,"column":25},"end":{"line":37,"column":1}},"line":10},"1":{"name":"(anonymous_1)","decl":{"start":{"line":17,"column":27},"end":{"line":17,"column":28}},"loc":{"start":{"line":17,"column":33},"end":{"line":30,"column":3}},"line":17},"2":{"name":"(anonymous_2)","decl":{"start":{"line":34,"column":23},"end":{"line":34,"column":24}},"loc":{"start":{"line":34,"column":29},"end":{"line":34,"column":47}},"line":34}},"branchMap":{},"s":{"0":0,"1":0,"2":0,"3":0,"4":0,"5":0,"6":0,"7":0,"8":0,"9":0,"10":0,"11":0,"12":0},"f":{"0":0,"1":0,"2":0},"b":{}}
,"E:\\Neog Lvl 1\\QuizApp\\quiz-app\\client\\src\\Components\\Multiplayer\\WaitingRoom.tsx": {"path":"E:\\Neog Lvl 1\\QuizApp\\quiz-app\\client\\src\\Components\\Multiplayer\\WaitingRoom.tsx","statementMap":{"0":{"start":{"line":25,"column":20},"end":{"line":107,"column":1}},"1":{"start":{"line":26,"column":23},"end":{"line":26,"column":46}},"2":{"start":{"line":27,"column":18},"end":{"line":27,"column":30}},"3":{"start":{"line":28,"column":32},"end":{"line":28,"column":62}},"4":{"start":{"line":29,"column":26},"end":{"line":29,"column":47}},"5":{"start":{"line":31,"column":51},"end":{"line":31,"column":62}},"6":{"start":{"line":33,"column":20},"end":{"line":36,"column":3}},"7":{"start":{"line":34,"column":4},"end":{"line":34,"column":41}},"8":{"start":{"line":35,"column":4},"end":{"line":35,"column":18}},"9":{"start":{"line":37,"column":2},"end":{"line":42,"column":5}},"10":{"start":{"line":38,"column":4},"end":{"line":41,"column":7}},"11":{"start":{"line":43,"column":2},"end":{"line":45,"column":26}},"12":{"start":{"line":44,"column":4},"end":{"line":44,"column":47}},"13":{"start":{"line":46,"column":2},"end":{"line":53,"column":5}},"14":{"start":{"line":47,"column":4},"end":{"line":49,"column":5}},"15":{"start":{"line":48,"column":6},"end":{"line":48,"column":74}},"16":{"start":{"line":50,"column":4},"end":{"line":52,"column":5}},"17":{"start":{"line":51,"column":6},"end":{"line":51,"column":46}},"18":{"start":{"line":54,"column":2},"end":{"line":54,"column":41}},"19":{"start":{"line":55,"column":2},"end":{"line":106,"column":4}},"20":{"start":{"line":83,"column":8},"end":{"line":100,"column":15}},"21":{"start":{"line":103,"column":31},"end":{"line":103,"column":42}}},"fnMap":{"0":{"name":"(anonymous_0)","decl":{"start":{"line":25,"column":20},"end":{"line":25,"column":21}},"loc":{"start":{"line":25,"column":26},"end":{"line":107,"column":1}},"line":25},"1":{"name":"(anonymous_1)","decl":{"start":{"line":33,"column":20},"end":{"line":33,"column":21}},"loc":{"start":{"line":33,"column":26},"end":{"line":36,"column":3}},"line":33},"2":{"name":"(anonymous_2)","decl":{"start":{"line":37,"column":29},"end":{"line":37,"column":30}},"loc":{"start":{"line":37,"column":35},"end":{"line":42,"column":3}},"line":37},"3":{"name":"(anonymous_3)","decl":{"start":{"line":43,"column":12},"end":{"line":43,"column":13}},"loc":{"start":{"line":43,"column":18},"end":{"line":45,"column":3}},"line":43},"4":{"name":"(anonymous_4)","decl":{"start":{"line":46,"column":51},"end":{"line":46,"column":52}},"loc":{"start":{"line":46,"column":74},"end":{"line":53,"column":3}},"line":46},"5":{"name":"(anonymous_5)","decl":{"start":{"line":82,"column":20},"end":{"line":82,"column":21}},"loc":{"start":{"line":83,"column":8},"end":{"line":100,"column":15}},"line":83},"6":{"name":"(anonymous_6)","decl":{"start":{"line":103,"column":25},"end":{"line":103,"column":26}},"loc":{"start":{"line":103,"column":31},"end":{"line":103,"column":42}},"line":103}},"branchMap":{"0":{"loc":{"start":{"line":47,"column":4},"end":{"line":49,"column":5}},"type":"if","locations":[{"start":{"line":47,"column":4},"end":{"line":49,"column":5}},{"start":{"line":47,"column":4},"end":{"line":49,"column":5}}],"line":47},"1":{"loc":{"start":{"line":50,"column":4},"end":{"line":52,"column":5}},"type":"if","locations":[{"start":{"line":50,"column":4},"end":{"line":52,"column":5}},{"start":{"line":50,"column":4},"end":{"line":52,"column":5}}],"line":50},"2":{"loc":{"start":{"line":102,"column":7},"end":{"line":104,"column":7}},"type":"binary-expr","locations":[{"start":{"line":102,"column":7},"end":{"line":102,"column":30}},{"start":{"line":103,"column":8},"end":{"line":103,"column":63}}],"line":102}},"s":{"0":0,"1":0,"2":0,"3":0,"4":0,"5":0,"6":0,"7":0,"8":0,"9":0,"10":0,"11":0,"12":0,"13":0,"14":0,"15":0,"16":0,"17":0,"18":0,"19":0,"20":0,"21":0},"f":{"0":0,"1":0,"2":0,"3":0,"4":0,"5":0,"6":0},"b":{"0":[0,0],"1":[0,0],"2":[0,0]}}
,"E:\\Neog Lvl 1\\QuizApp\\quiz-app\\client\\src\\context\\quiz-context.type.ts": {"path":"E:\\Neog Lvl 1\\QuizApp\\quiz-app\\client\\src\\context\\quiz-context.type.ts","statementMap":{},"fnMap":{},"branchMap":{},"s":{},"f":{},"b":{}}
,"E:\\Neog Lvl 1\\QuizApp\\quiz-app\\client\\src\\context\\quiz-reducer.ts": {"path":"E:\\Neog Lvl 1\\QuizApp\\quiz-app\\client\\src\\context\\quiz-reducer.ts","statementMap":{"0":{"start":{"line":5,"column":27},"end":{"line":57,"column":1}},"1":{"start":{"line":6,"column":1},"end":{"line":56,"column":2}},"2":{"start":{"line":8,"column":3},"end":{"line":12,"column":5}},"3":{"start":{"line":14,"column":3},"end":{"line":18,"column":5}},"4":{"start":{"line":20,"column":3},"end":{"line":24,"column":5}},"5":{"start":{"line":26,"column":3},"end":{"line":30,"column":5}},"6":{"start":{"line":32,"column":3},"end":{"line":35,"column":5}},"7":{"start":{"line":37,"column":3},"end":{"line":42,"column":5}},"8":{"start":{"line":44,"column":3},"end":{"line":44,"column":55}},"9":{"start":{"line":46,"column":16},"end":{"line":46,"column":90}},"10":{"start":{"line":46,"column":48},"end":{"line":46,"column":89}},"11":{"start":{"line":47,"column":3},"end":{"line":51,"column":5}},"12":{"start":{"line":53,"column":3},"end":{"line":53,"column":58}},"13":{"start":{"line":55,"column":3},"end":{"line":55,"column":16}}},"fnMap":{"0":{"name":"(anonymous_0)","decl":{"start":{"line":5,"column":27},"end":{"line":5,"column":28}},"loc":{"start":{"line":5,"column":85},"end":{"line":57,"column":1}},"line":5},"1":{"name":"(anonymous_1)","decl":{"start":{"line":46,"column":38},"end":{"line":46,"column":39}},"loc":{"start":{"line":46,"column":48},"end":{"line":46,"column":89}},"line":46}},"branchMap":{"0":{"loc":{"start":{"line":6,"column":1},"end":{"line":56,"column":2}},"type":"switch","locations":[{"start":{"line":7,"column":2},"end":{"line":12,"column":5}},{"start":{"line":13,"column":2},"end":{"line":18,"column":5}},{"start":{"line":19,"column":2},"end":{"line":24,"column":5}},{"start":{"line":25,"column":2},"end":{"line":30,"column":5}},{"start":{"line":31,"column":2},"end":{"line":35,"column":5}},{"start":{"line":36,"column":2},"end":{"line":42,"column":5}},{"start":{"line":43,"column":2},"end":{"line":44,"column":55}},{"start":{"line":45,"column":2},"end":{"line":51,"column":5}},{"start":{"line":52,"column":2},"end":{"line":53,"column":58}},{"start":{"line":54,"column":2},"end":{"line":55,"column":16}}],"line":6}},"s":{"0":1,"1":9,"2":1,"3":1,"4":1,"5":1,"6":1,"7":1,"8":1,"9":1,"10":4,"11":1,"12":1,"13":0},"f":{"0":9,"1":4},"b":{"0":[1,1,1,1,1,1,1,1,1,0]},"_coverageSchema":"1a1c01bbd47fc00a2c39e90264f33305004495a9","hash":"445f8beeb03818b8ebc7f100d1af0dcf18539731"}
,"E:\\Neog Lvl 1\\QuizApp\\quiz-app\\client\\src\\utils\\util_func.ts": {"path":"E:\\Neog Lvl 1\\QuizApp\\quiz-app\\client\\src\\utils\\util_func.ts","statementMap":{"0":{"start":{"line":3,"column":30},"end":{"line":20,"column":1}},"1":{"start":{"line":8,"column":2},"end":{"line":18,"column":3}},"2":{"start":{"line":9,"column":4},"end":{"line":17,"column":5}},"3":{"start":{"line":10,"column":20},"end":{"line":12,"column":26}},"4":{"start":{"line":13,"column":6},"end":{"line":13,"column":34}},"5":{"start":{"line":15,"column":20},"end":{"line":15,"column":73}},"6":{"start":{"line":16,"column":6},"end":{"line":16,"column":34}},"7":{"start":{"line":19,"column":2},"end":{"line":19,"column":22}},"8":{"start":{"line":21,"column":31},"end":{"line":29,"column":1}},"9":{"start":{"line":25,"column":17},"end":{"line":27,"column":3}},"10":{"start":{"line":26,"column":16},"end":{"line":26,"column":53}},"11":{"start":{"line":28,"column":2},"end":{"line":28,"column":27}},"12":{"start":{"line":31,"column":31},"end":{"line":41,"column":1}},"13":{"start":{"line":33,"column":4},"end":{"line":33,"column":68}},"14":{"start":{"line":34,"column":23},"end":{"line":34,"column":25}},"15":{"start":{"line":35,"column":2},"end":{"line":39,"column":3}},"16":{"start":{"line":35,"column":15},"end":{"line":35,"column":16}},"17":{"start":{"line":36,"column":4},"end":{"line":38,"column":6}},"18":{"start":{"line":40,"column":2},"end":{"line":40,"column":30}}},"fnMap":{"0":{"name":"(anonymous_0)","decl":{"start":{"line":3,"column":30},"end":{"line":3,"column":31}},"loc":{"start":{"line":7,"column":5},"end":{"line":20,"column":1}},"line":7},"1":{"name":"(anonymous_1)","decl":{"start":{"line":21,"column":31},"end":{"line":21,"column":32}},"loc":{"start":{"line":24,"column":5},"end":{"line":29,"column":1}},"line":24},"2":{"name":"(anonymous_2)","decl":{"start":{"line":26,"column":4},"end":{"line":26,"column":5}},"loc":{"start":{"line":26,"column":16},"end":{"line":26,"column":53}},"line":26},"3":{"name":"(anonymous_3)","decl":{"start":{"line":31,"column":31},"end":{"line":31,"column":32}},"loc":{"start":{"line":31,"column":51},"end":{"line":41,"column":1}},"line":31}},"branchMap":{"0":{"loc":{"start":{"line":8,"column":2},"end":{"line":18,"column":3}},"type":"if","locations":[{"start":{"line":8,"column":2},"end":{"line":18,"column":3}},{"start":{"line":8,"column":2},"end":{"line":18,"column":3}}],"line":8},"1":{"loc":{"start":{"line":9,"column":4},"end":{"line":17,"column":5}},"type":"if","locations":[{"start":{"line":9,"column":4},"end":{"line":17,"column":5}},{"start":{"line":9,"column":4},"end":{"line":17,"column":5}}],"line":9},"2":{"loc":{"start":{"line":10,"column":20},"end":{"line":12,"column":26}},"type":"cond-expr","locations":[{"start":{"line":11,"column":10},"end":{"line":11,"column":30}},{"start":{"line":12,"column":10},"end":{"line":12,"column":26}}],"line":10},"3":{"loc":{"start":{"line":15,"column":20},"end":{"line":15,"column":73}},"type":"cond-expr","locations":[{"start":{"line":15,"column":46},"end":{"line":15,"column":69}},{"start":{"line":15,"column":72},"end":{"line":15,"column":73}}],"line":15}},"s":{"0":2,"1":7,"2":5,"3":3,"4":3,"5":2,"6":2,"7":2,"8":2,"9":7,"10":13,"11":7,"12":2,"13":0,"14":0,"15":0,"16":0,"17":0,"18":0},"f":{"0":7,"1":7,"2":13,"3":0},"b":{"0":[5,2],"1":[3,2],"2":[2,1],"3":[1,1]},"_coverageSchema":"1a1c01bbd47fc00a2c39e90264f33305004495a9","hash":"fa932a56d59d10e5e680ae0509872e29174a4372"}
}
